current directory: /Users/okamuro-shogo/serverProject/pixiv-isucon-ruby/webapp/ruby/vender/bundler/ruby/2.2.0/gems/raindrops-0.16.0/ext/raindrops
/Users/okamuro-shogo/.anyenv/envs/rbenv/versions/2.2.4/bin/ruby -r ./siteconf20161031-45160-1sv5rwq.rb extconf.rb
checking for mmap() in sys/mman.h... yes
checking for munmap() in sys/mman.h... yes
checking for mremap() in sys/mman.h... no
checking for linux/tcp.h... no
checking for getpagesize() in unistd.h... yes
checking for rb_thread_blocking_region()... no
checking for rb_thread_io_blocking_region()... yes
checking for GCC 4+ atomic builtins... yes
creating Makefile

To see why this extension failed to compile, please check the mkmf.log which can be found here:

  /Users/okamuro-shogo/serverProject/pixiv-isucon-ruby/webapp/ruby/vender/bundler/ruby/2.2.0/extensions/x86_64-darwin-15/2.2.0-static/raindrops-0.16.0/mkmf.log

current directory: /Users/okamuro-shogo/serverProject/pixiv-isucon-ruby/webapp/ruby/vender/bundler/ruby/2.2.0/gems/raindrops-0.16.0/ext/raindrops
make "DESTDIR=" clean

current directory: /Users/okamuro-shogo/serverProject/pixiv-isucon-ruby/webapp/ruby/vender/bundler/ruby/2.2.0/gems/raindrops-0.16.0/ext/raindrops
make "DESTDIR="
compiling linux_inet_diag.c
compiling linux_tcp_info.c
compiling raindrops.c
linking shared-object raindrops_ext.bundle

current directory: /Users/okamuro-shogo/serverProject/pixiv-isucon-ruby/webapp/ruby/vender/bundler/ruby/2.2.0/gems/raindrops-0.16.0/ext/raindrops
make "DESTDIR=" install
/usr/bin/install -c -m 0755 raindrops_ext.bundle ./.gem.20161031-45160-1rhqhc3
